 0.000000
 0.000000
 0.000000
 0.000000
 0.000000
 0.000000
 0.000000
 0.000000
 0.000000
 0.949257
 0.947818
 0.946188
 0.944705
 0.943603
 0.942802
 0.942437
 0.942186
 0.941924
 0.940843
 0.939315
 0.937848
 0.936558
 0.935969
 0.935625
 0.934920
 0.934610
 0.933820
 0.932671
 0.931807
 0.931403
 0.931080
 0.930452
 0.929764
 0.929567
 0.929299
 0.928582
 0.928046
 0.927671
 0.926700
 0.925014
 0.923059
 0.921490
 0.920958
 0.921262
 0.921276
 0.920720
 0.920403
 0.920446
 0.920218
 0.919805
 0.920423
 0.920487
 0.921114
 0.922363
 0.923335
 0.923703
 0.924291
 0.925577
 0.925284
 0.924658
 0.925332
 0.926427
 0.926007
 0.925305
 0.924805
 0.923902
 0.923492
 0.923854
 0.923675
 0.921387
 0.917086
 0.911407
 0.903932
 0.896235
 0.888924
 0.882022
 0.875421
 0.869294
 0.863687
 0.858603
 0.853914
 0.849537
 0.845740
 0.842714
 0.840087
 0.836969
 0.832620
 0.828489
 0.824565
 0.821347
 0.817875
 0.814830
 0.812334
 0.810990
 0.810717
 0.811046
 0.811730
 0.812288
 0.812096
 0.810875
 0.808701
 0.805859
 0.803066
 0.800828
 0.798780
 0.796816
 0.794965
 0.793173
 0.791179
 0.789120
 0.787202
 0.785724
 0.785156
 0.785873
 0.787979
 0.791214
 0.795180
 0.799650
 0.804861
 0.810078
 0.815053
 0.819592
 0.823691
 0.827550
 0.831187
 0.834681
 0.837760
 0.840421
 0.843041
 0.845413
 0.847070
 0.848304
 0.849815
 0.851831
 0.854239
 0.856437
 0.857936
 0.858630
 0.858742
 0.858564
 0.856411
 0.851700
 0.846615
 0.842909
 0.840844
 0.840762
 0.842242
 0.844555
 0.846580
 0.848385
 0.850023
 0.851558
 0.852900
 0.853968
 0.854809
 0.855539
 0.856117
 0.856730
 0.857681
 0.859065
 0.859603
 0.860212
 0.861737
 0.864328
 0.867551
 0.870358
 0.872189
 0.873409
 0.874944
 0.877041
 0.878114
 0.879536
 0.881848
 0.883639
 0.884604
 0.884388
 0.883807
 0.883837
 0.883987
 0.884478
 0.884404
 0.883497
 0.882622
 0.881871
 0.881645
 0.881854
 0.881927
 0.881035
 0.879622
 0.878780
 0.878863
 0.879945
 0.880696
 0.881869
 0.883273
 0.884715
 0.886800
 0.887696
 0.887932
 0.888397
 0.889756
 0.891663
 0.893287
 0.893704
 0.893354
 0.893560
 0.894423
 0.895209
 0.894985
 0.894277
 0.894483
 0.895944
 0.897424
 0.899448
 0.900889
 0.901418
 0.901388
 0.901914
 0.903561
 0.903931
 0.904078
 0.904288
 0.904566
 0.905069
 0.905392
 0.905491
 0.905444
 0.905390
 0.905759
 0.906368
 0.906873
 0.906553
 0.904692
 0.901846
 0.899924
 0.899472
 0.899254
 0.896708
 0.891028
 0.883977
 0.878603
 0.874521
 0.872066
 0.870513
 0.868758
 0.866451
 0.863751
 0.860929
 0.857921
 0.854647
 0.851063
 0.846833
 0.841992
 0.837392
 0.833022
 0.829060
 0.825236
 0.821657
 0.818609
 0.815973
 0.813404
 0.810387
 0.807367
 0.804499
 0.801774
 0.799185
 0.796820
 0.794688
 0.792759
 0.791212
 0.790165
 0.789636
 0.789459
 0.789692
 0.790270
 0.791069
 0.792049
 0.793263
 0.794777
 0.796499
 0.798338
 0.800279
 0.802304
 0.804424
 0.806541
 0.808682
