 0.000000 0.000000 0.000000
 0.000000 0.000000 0.000000
 0.000000 0.000000 0.000000
 0.000000 0.000000 0.000000
 0.000000 0.000000 0.000000
 0.000000 0.000000 0.000000
 0.000000 0.000000 0.000000
 0.000000 0.000000 0.000000
 0.000000 0.000000 0.000000
 -0.000469 0.001693 0.001133
 0.002166 0.002368 0.002807
 0.007173 0.002696 0.005457
 0.007812 0.002894 0.006869
 0.006946 0.004119 0.006103
 0.005658 0.006647 0.005184
 0.003455 0.008271 0.006038
 0.000187 0.010754 0.007207
 -0.001381 0.012703 0.009612
 -0.006762 0.014955 0.010958
 -0.010828 0.016925 0.010833
 -0.011175 0.016117 0.011095
 -0.011321 0.016702 0.010628
 -0.009135 0.020655 0.008715
 -0.006364 0.026001 0.007261
 -0.006406 0.032586 0.003963
 -0.002413 0.037283 0.001566
 0.001771 0.038025 0.000096
 0.006521 0.037127 -0.000537
 0.009161 0.036672 -0.001126
 0.007282 0.040321 -0.002162
 0.004702 0.046088 -0.003070
 0.004586 0.049918 -0.002613
 0.006435 0.050577 -0.001447
 0.006642 0.049392 -0.001270
 0.000487 0.052440 -0.004435
 -0.001904 0.055916 -0.005845
 -0.001189 0.056669 -0.006581
 -0.001127 0.053162 -0.007704
 -0.005701 0.048693 -0.010007
 -0.010857 0.049291 -0.011826
 -0.013309 0.054112 -0.012537
 -0.012130 0.058060 -0.012067
 -0.007409 0.057896 -0.010539
 -0.003728 0.054641 -0.009311
 -0.005977 0.052978 -0.009918
 -0.009618 0.053050 -0.011448
 -0.009038 0.051392 -0.011748
 -0.008113 0.048494 -0.011083
 -0.010680 0.046284 -0.011319
 -0.013324 0.045625 -0.010208
 -0.006925 0.044291 -0.006636
 0.000059 0.042916 -0.003393
 0.001388 0.041235 -0.002080
 -0.002243 0.041242 -0.003436
 -0.004483 0.043259 -0.005211
 -0.001832 0.043002 -0.005241
 0.001862 0.040743 -0.004813
 -0.000896 0.038036 -0.006181
 -0.010485 0.037805 -0.009087
 -0.012486 0.039793 -0.010215
 -0.005221 0.040764 -0.008470
 -0.002989 0.039971 -0.007165
 -0.012645 0.037432 -0.008468
 -0.016026 0.033453 -0.008622
 -0.003074 0.026888 -0.005926
 0.005454 0.019994 -0.005832
 0.004365 0.011398 -0.008045
 -0.001558 -0.001173 -0.010621
 -0.009818 -0.018601 -0.012451
 -0.015227 -0.037292 -0.013217
 -0.019573 -0.057022 -0.013508
 -0.027761 -0.075329 -0.014877
 -0.040548 -0.092967 -0.015954
 -0.049079 -0.111938 -0.014437
 -0.044179 -0.129979 -0.010984
 -0.035923 -0.144355 -0.009630
 -0.034952 -0.154816 -0.011180
 -0.037802 -0.163436 -0.013101
 -0.035497 -0.172466 -0.014048
 -0.032095 -0.181637 -0.015299
 -0.035406 -0.189797 -0.018485
 -0.040801 -0.197959 -0.021288
 -0.040775 -0.205858 -0.022210
 -0.039333 -0.212492 -0.023021
 -0.038057 -0.220352 -0.024390
 -0.037995 -0.232932 -0.025160
 -0.037620 -0.250539 -0.025210
 -0.035692 -0.270735 -0.025950
 -0.031484 -0.290675 -0.028133
 -0.026452 -0.308571 -0.031292
 -0.022876 -0.324481 -0.034290
 -0.017912 -0.337605 -0.034866
 -0.011331 -0.349333 -0.032510
 -0.006959 -0.359360 -0.029656
 -0.009562 -0.366693 -0.028446
 -0.013736 -0.374493 -0.027942
 -0.014322 -0.383703 -0.027446
 -0.012655 -0.394774 -0.027830
 -0.011816 -0.408827 -0.030126
 -0.009267 -0.425399 -0.033594
 -0.005609 -0.443590 -0.036745
 -0.002977 -0.462114 -0.039784
 0.001194 -0.479591 -0.041437
 0.005485 -0.495051 -0.042949
 0.003409 -0.508048 -0.046404
 -0.000623 -0.520621 -0.050043
 -0.000596 -0.533867 -0.052473
 0.000382 -0.547201 -0.054864
 0.002831 -0.562169 -0.056954
 0.006674 -0.577805 -0.058958
 0.011504 -0.592428 -0.061010
 0.015605 -0.603841 -0.063348
 0.018914 -0.611136 -0.066943
 0.021438 -0.614465 -0.070193
 0.022808 -0.615121 -0.071699
 0.023597 -0.614923 -0.072067
 0.025221 -0.615270 -0.071684
 0.026754 -0.615586 -0.070670
 0.027712 -0.613237 -0.069825
 0.028830 -0.606692 -0.069177
 0.030266 -0.596403 -0.068361
 0.031077 -0.582943 -0.067096
 0.031429 -0.566820 -0.065101
 0.032520 -0.549603 -0.062572
 0.033506 -0.532717 -0.059764
 0.034642 -0.516164 -0.056357
 0.034560 -0.498389 -0.053601
 0.034480 -0.479532 -0.051538
 0.036240 -0.459345 -0.049151
 0.036402 -0.439024 -0.045747
 0.032733 -0.419338 -0.040668
 0.029193 -0.400326 -0.034290
 0.029910 -0.380996 -0.029452
 0.032843 -0.363037 -0.026610
 0.035985 -0.346202 -0.024603
 0.036297 -0.330317 -0.023373
 0.034182 -0.315366 -0.023859
 0.031122 -0.301285 -0.025522
 0.028409 -0.287234 -0.026786
 0.026556 -0.272120 -0.026898
 0.016093 -0.254925 -0.031305
 -0.000912 -0.239693 -0.035591
 -0.017197 -0.211440 -0.037364
 -0.020284 -0.195907 -0.036919
 -0.017120 -0.176190 -0.034880
 -0.009974 -0.152190 -0.031176
 -0.003026 -0.127685 -0.027517
 0.001277 -0.103971 -0.024271
 0.006128 -0.081775 -0.021284
 0.007867 -0.060486 -0.019060
 0.006625 -0.039129 -0.017110
 0.005198 -0.017922 -0.014685
 0.004239 0.003348 -0.011437
 0.004943 0.024934 -0.007593
 0.006742 0.046947 -0.002717
 0.010740 0.067920 0.002413
 0.013954 0.088327 0.005207
 0.013485 0.108915 0.005898
 0.009518 0.128442 0.004855
 0.003694 0.146153 0.003200
 -0.001986 0.161214 0.001881
 -0.003459 0.172468 0.002079
 0.000352 0.180277 0.003304
 0.006289 0.187463 0.004829
 0.010942 0.195337 0.005826
 0.009998 0.205195 0.005323
 0.005723 0.216874 0.003133
 0.002665 0.226285 0.000736
 0.004107 0.230242 -0.000338
 0.008698 0.229202 -0.000304
 0.014310 0.225798 -0.000090
 0.017185 0.224831 -0.000564
 0.012888 0.230753 -0.002897
 0.008749 0.238898 -0.005680
 0.011023 0.243650 -0.007797
 0.015973 0.243813 -0.010074
 0.020561 0.241434 -0.012454
 0.020348 0.241039 -0.014742
 0.015875 0.246134 -0.016332
 0.013688 0.252587 -0.017236
 0.017141 0.255483 -0.017077
 0.023667 0.255248 -0.016111
 0.028690 0.254921 -0.014385
 0.028309 0.257833 -0.011243
 0.022703 0.264025 -0.009013
 0.019217 0.270398 -0.007274
 0.023903 0.273171 -0.004863
 0.032689 0.272599 -0.001924
 0.041734 0.271695 0.001061
 0.045595 0.274471 0.004611
 0.042593 0.282287 0.008381
 0.033694 0.292311 0.011282
 0.027798 0.301920 0.012966
 0.030473 0.309386 0.015207
 0.037638 0.313220 0.018728
 0.043159 0.316645 0.022343
 0.041620 0.323602 0.024588
 0.034469 0.334674 0.024729
 0.029339 0.346128 0.024632
 0.030051 0.355289 0.026198
 0.036132 0.361887 0.029537
 0.041206 0.368369 0.033256
 0.040823 0.378381 0.035572
 0.033026 0.392359 0.035172
 0.026398 0.406379 0.033783
 0.027823 0.417036 0.033059
 0.030470 0.424929 0.031605
 0.028892 0.432714 0.028987
 0.022216 0.441605 0.025412
 0.017578 0.449389 0.023564
 0.022404 0.454159 0.025382
 0.031017 0.457584 0.029103
 0.037987 0.462128 0.032354
 0.037793 0.470167 0.032837
 0.034798 0.480407 0.032328
 0.039953 0.488151 0.033687
 0.046663 0.493302 0.034629
 0.047861 0.497992 0.033103
 0.042770 0.504233 0.030303
 0.033799 0.515177 0.027917
 0.031413 0.520529 0.026974
 0.030747 0.524085 0.026823
 0.031731 0.527516 0.027559
 0.032894 0.533040 0.026806
 0.031652 0.539691 0.024945
 0.029824 0.546426 0.024216
 0.029442 0.552513 0.025524
 0.029573 0.558959 0.026451
 0.032158 0.564886 0.026914
 0.033472 0.570473 0.026097
 0.033309 0.577013 0.024732
 0.038773 0.582283 0.024993
 0.048028 0.585425 0.026100
 0.058228 0.586922 0.028024
 0.064174 0.590145 0.029397
 0.058640 0.595774 0.027857
 0.051819 0.597000 0.025358
 0.050137 0.587783 0.023522
 0.052558 0.572170 0.022935
 0.056449 0.559752 0.023468
 0.058088 0.556662 0.024318
 0.053226 0.562503 0.024723
 0.046212 0.571840 0.023839
 0.049342 0.577569 0.024426
 0.058165 0.576978 0.026158
 0.068835 0.573672 0.028135
 0.073407 0.571119 0.027693
 0.062180 0.571368 0.022538
 0.054023 0.571095 0.017004
 0.052687 0.569656 0.012385
 0.048451 0.567825 0.007590
 0.040502 0.563405 0.004653
 0.037076 0.553521 0.005105
 0.037534 0.541685 0.008173
 0.034792 0.530231 0.010860
 0.032327 0.521502 0.013008
 0.031952 0.515583 0.014907
 0.036960 0.509841 0.018052
 0.048216 0.504816 0.025066
 0.056214 0.499148 0.033768
 0.060159 0.492665 0.040440
 0.058711 0.484579 0.038775
 0.057954 0.474890 0.033834
 0.052684 0.465325 0.028670
 0.046033 0.455584 0.024533
 0.043980 0.445692 0.022658
 0.045345 0.437579 0.022151
 0.046011 0.430769 0.021309
 0.045442 0.424172 0.019901
 0.047069 0.418633 0.019409
 0.050642 0.413879 0.019759
 0.052046 0.410297 0.019474
 0.053388 0.406287 0.019365
 0.053077 0.403308 0.018939
 0.051945 0.400691 0.018430
 0.050930 0.397822 0.018069
 0.048957 0.395225 0.017375
 0.047187 0.393209 0.016900
 0.046667 0.391863 0.016892
 0.045527 0.390790 0.016196
 0.045200 0.389438 0.015588
 0.043309 0.388500 0.014309
 0.042445 0.387469 0.013966
 0.043731 0.386445 0.014457
 0.044632 0.385038 0.015039
 0.044909 0.384009 0.015416
