 0.000000
 0.000000
 0.000000
 0.000000
 0.000000
 0.000000
 0.000000
 0.000000
 0.000000
 133.750000
 115.073099
 111.524204
 112.405571
 116.545724
 119.864619
 125.221044
 126.505973
 126.190317
 114.952433
 108.190487
 107.987091
 109.381870
 117.968310
 120.887816
 115.784099
 120.627499
 113.957571
 108.555588
 111.648048
 117.255638
 118.089329
 113.750045
 112.523024
 118.679367
 117.594406
 111.342985
 113.312801
 115.106959
 106.824529
 96.518624
 91.732453
 95.638021
 108.577159
 119.501479
 115.784749
 108.103410
 110.962118
 115.599327
 111.969834
 109.331577
 122.951977
 115.909086
 123.541001
 132.363489
 129.458708
 121.976644
 125.187804
 137.020765
 114.566926
 109.862280
 126.989648
 133.138259
 113.421074
 109.315274
 111.588611
 105.803111
 111.843392
 121.999898
 114.932710
 86.343960
 57.615305
 36.125512
 8.035383
 0.000000
 0.000000
 0.597947
 0.000000
 1.949893
 4.823653
 8.110299
 10.002701
 11.047897
 15.937999
 23.764405
 27.124596
 18.711566
 0.000000
 0.000000
 0.000000
 6.883832
 1.291533
 4.714895
 10.061797
 23.929506
 37.477840
 45.427059
 50.446116
 49.197511
 39.448085
 25.429810
 11.749932
 1.253714
 0.000000
 5.609727
 6.656239
 6.418103
 6.607169
 6.165935
 2.212275
 0.000000
 0.512027
 5.166910
 16.436832
 33.418828
 52.639338
 69.305812
 81.359169
 90.840858
 103.868928
 107.461049
 107.718400
 105.176104
 102.314826
 101.842494
 101.442379
 101.976931
 98.717987
 95.170835
 96.398578
 94.820987
 86.773881
 82.179164
 86.762235
 94.582450
 101.243510
 100.036272
 92.089326
 82.223528
 74.839239
 70.988331
 44.222452
 8.221447
 0.000000
 15.191242
 34.829780
 60.216243
 81.246755
 93.491181
 91.160840
 89.559718
 88.517186
 88.241013
 86.666909
 83.880690
 81.523738
 80.603190
 79.039469
 79.907387
 84.884201
 91.365355
 80.876556
 82.211816
 94.983091
 110.390362
 120.684025
 117.246237
 105.957677
 98.953623
 104.024351
 112.647263
 100.227367
 105.678375
 118.650651
 113.170103
 103.242368
 87.940749
 82.859360
 90.725294
 92.371882
 97.069918
 89.768035
 78.486649
 78.294738
 79.374494
 85.966209
 91.686256
 89.989417
 77.003426
 69.379039
 76.121435
 88.047040
 101.593531
 97.844434
 104.055246
 107.966439
 109.426152
 119.086447
 104.430551
 96.127346
 99.386387
 111.767868
 120.076343
 117.553009
 102.345825
 92.271631
 99.551551
 108.544993
 108.098770
 94.987577
 88.305958
 100.172574
 117.255621
 118.490263
 126.827700
 120.328612
 109.002388
 101.796427
 109.293608
 124.774775
 108.645724
 105.893222
 106.834470
 107.894842
 111.127374
 109.025953
 106.225467
 104.322491
 104.195541
 109.871775
 113.356324
 112.363532
 101.579982
 80.540865
 66.001537
 76.548089
 95.096867
 97.950629
 66.370462
 22.354864
 0.000000
 17.881519
 31.699176
 50.912218
 61.431189
 57.655031
 49.010013
 42.165330
 38.681267
 34.269529
 28.642131
 22.252217
 11.121435
 0.000000
 0.000000
 0.000000
 2.547846
 1.745820
 2.463840
 7.216642
 10.721581
 9.855062
 2.066535
 0.000000
 0.000000
 0.000000
 0.000000
 1.266936
 2.827718
 4.115683
 7.980547
 13.681637
 19.970298
 24.365774
 29.784964
 34.583381
 37.972045
 40.959879
 44.765660
 49.637266
 53.472974
 56.218742
 58.833797
 61.273686
 63.929274
 65.309899
 67.070425
