 0.000000 0.000000 0.000000
 0.000000 0.000000 0.000000
 0.000000 0.000000 0.000000
 0.000000 0.000000 0.000000
 0.000000 0.000000 0.000000
 0.000000 0.000000 0.000000
 0.000000 0.000000 0.000000
 0.000000 0.000000 0.000000
 0.000000 0.000000 0.000000
 0.000000 0.000000 0.000000
 -0.000081 0.000147 0.000092
 -0.000041 0.000312 0.000257
 0.000223 0.000487 0.000530
 0.000515 0.000685 0.000843
 0.000769 0.000958 0.001096
 0.000952 0.001368 0.001277
 0.001050 0.001857 0.001473
 0.001018 0.002439 0.001703
 0.000943 0.003072 0.002029
 0.000641 0.003773 0.002396
 0.000157 0.004549 0.002734
 -0.000334 0.005280 0.003060
 -0.000807 0.006024 0.003349
 -0.001131 0.006927 0.003536
 -0.001295 0.008042 0.003641
 -0.001487 0.009452 0.003552
 -0.001474 0.011046 0.003336
 -0.001237 0.012589 0.003051
 -0.000764 0.013971 0.002743
 -0.000209 0.015215 0.002408
 0.000177 0.016586 0.002024
 0.000378 0.018226 0.001607
 0.000567 0.020008 0.001246
 0.000882 0.021713 0.000987
 0.001213 0.023215 0.000765
 0.001151 0.024785 0.000367
 0.000929 0.026458 -0.000098
 0.000769 0.028052 -0.000579
 0.000631 0.029305 -0.001090
 0.000206 0.030183 -0.001712
 -0.000526 0.031033 -0.002394
 -0.001311 0.032112 -0.003043
 -0.001913 0.033352 -0.003590
 -0.002168 0.034481 -0.003993
 -0.002203 0.035324 -0.004302
 -0.002395 0.036017 -0.004641
 -0.002785 0.036664 -0.005056
 -0.003081 0.037139 -0.005457
 -0.003318 0.037370 -0.005798
 -0.003783 0.037436 -0.006154
 -0.004408 0.037468 -0.006417
 -0.004486 0.037412 -0.006399
 -0.004049 0.037257 -0.006144
 -0.003627 0.036974 -0.005824
 -0.003523 0.036684 -0.005628
 -0.003485 0.036508 -0.005553
 -0.003196 0.036275 -0.005484
 -0.002674 0.035833 -0.005407
 -0.002435 0.035138 -0.005452
 -0.002965 0.034350 -0.005716
 -0.003637 0.033626 -0.006046
 -0.003770 0.032880 -0.006228
 -0.003795 0.031998 -0.006316
 -0.004599 0.030871 -0.006501
 -0.005639 0.029410 -0.006679
 -0.005667 0.027469 -0.006639
 -0.005042 0.025093 -0.006586
 -0.004534 0.022231 -0.006697
 -0.004488 0.018675 -0.006985
 -0.004986 0.014146 -0.007385
 -0.005788 0.008623 -0.007824
 -0.006853 0.002127 -0.008286
 -0.008435 -0.005160 -0.008843
 -0.017050 -0.024074 -0.008072
 -0.012302 -0.042146 -0.004186
 -0.014407 -0.051476 -0.004456
 -0.013499 -0.061942 -0.005912
 -0.014691 -0.071809 -0.006205
 -0.015968 -0.081721 -0.006617
 -0.016938 -0.091697 -0.007093
 -0.017532 -0.101709 -0.007661
 -0.018300 -0.111643 -0.008455
 -0.019375 -0.121457 -0.009403
 -0.020242 -0.131110 -0.010302
 -0.020818 -0.140466 -0.011140
 -0.021255 -0.149621 -0.012009
 -0.021122 -0.167231 -0.011990
 -0.019502 -0.187450 -0.012519
 -0.015656 -0.207443 -0.014291
 -0.015149 -0.220053 -0.015402
 -0.014051 -0.233405 -0.016851
 -0.012596 -0.247178 -0.018565
 -0.010633 -0.260950 -0.020185
 -0.007938 -0.274505 -0.021298
 -0.004927 -0.287590 -0.021902
 -0.002803 -0.299839 -0.022328
 -0.001715 -0.311436 -0.022700
 -0.000890 -0.322700 -0.023002
 0.000068 -0.333966 -0.023381
 0.001021 -0.345734 -0.024121
 0.002261 -0.358339 -0.025350
 0.003950 -0.371890 -0.026943
 0.007707 -0.389414 -0.028099
 0.010024 -0.404130 -0.030052
 0.012692 -0.418743 -0.032003
 0.014518 -0.432797 -0.034237
 0.015322 -0.446307 -0.036708
 0.016028 -0.459507 -0.039162
 0.016816 -0.472469 -0.041584
 0.020189 -0.488154 -0.043072
 0.021805 -0.501195 -0.045406
 0.024000 -0.514031 -0.047690
 0.026520 -0.526075 -0.049963
 0.029128 -0.536691 -0.052412
 0.031683 -0.545421 -0.054921
 0.033999 -0.552158 -0.057159
 0.036023 -0.557147 -0.058954
 0.037944 -0.560811 -0.060268
 0.039767 -0.563390 -0.061091
 0.041427 -0.564577 -0.061532
 0.042940 -0.563854 -0.061665
 0.044313 -0.560908 -0.061472
 0.045443 -0.555602 -0.060894
 0.046371 -0.547918 -0.059889
 0.047328 -0.538186 -0.058480
 0.048298 -0.526944 -0.056720
 0.049269 -0.514609 -0.054594
 0.049984 -0.501217 -0.052331
 0.050490 -0.486820 -0.050108
 0.051156 -0.471410 -0.047849
 0.051683 -0.455173 -0.045372
 0.051341 -0.438360 -0.042512
 0.050228 -0.421231 -0.039143
 0.049177 -0.403600 -0.035565
 0.048723 -0.385955 -0.032117
 0.048875 -0.368410 -0.028874
 0.049155 -0.351026 -0.025885
 0.049191 -0.333896 -0.023355
 0.048856 -0.317106 -0.021381
 0.048264 -0.300620 -0.019809
 0.047533 -0.284253 -0.018419
 0.045462 -0.267682 -0.017771
 0.029593 -0.239148 -0.019207
 0.023902 -0.221003 -0.019451
 0.018636 -0.203161 -0.019535
 0.014555 -0.185024 -0.019240
 0.012021 -0.166101 -0.018396
 0.010778 -0.146453 -0.017140
 0.010258 -0.126278 -0.015626
 0.010387 -0.105859 -0.013953
 0.010657 -0.085372 -0.012249
 0.010670 -0.064855 -0.010546
 0.010489 -0.044385 -0.008757
 0.010273 -0.023994 -0.006762
 0.010291 -0.003634 -0.004499
 0.010647 0.016770 -0.001863
 0.011532 0.037091 0.001099
 0.012717 0.057289 0.003981
 0.013661 0.077376 0.006499
 0.013984 0.097147 0.008493
 0.013569 0.116336 0.009980
 0.012560 0.134645 0.011085
 0.011562 0.151733 0.012055
 0.011171 0.167428 0.013018
 0.011577 0.181891 0.014012
 0.012578 0.195353 0.014978
 0.013391 0.208163 0.015725
 0.013604 0.220623 0.016064
 0.013398 0.232516 0.016028
 0.013351 0.243295 0.015840
 0.013866 0.252510 0.015670
 0.015061 0.260045 0.015555
 0.016530 0.266410 0.015415
 0.017312 0.272637 0.015027
 0.017467 0.279056 0.014393
 0.017799 0.285270 0.013617
 0.018610 0.290778 0.012695
 0.019884 0.295347 0.011646
 0.021058 0.299290 0.010504
 0.021676 0.303309 0.009362
 0.022016 0.307583 0.008307
 0.022659 0.311747 0.007443
 0.023833 0.315504 0.006826
 0.025346 0.318895 0.006492
 0.026697 0.322286 0.006561
 0.027412 0.325972 0.006904
 0.027762 0.329934 0.007440
 0.028562 0.333805 0.008201
 0.030126 0.337296 0.009191
 0.032419 0.340423 0.010391
 0.034889 0.343586 0.011853
 0.036867 0.347273 0.013587
 0.037769 0.351655 0.015480
 0.037960 0.356654 0.017371
 0.038346 0.362018 0.019289
 0.039407 0.367319 0.021358
 0.040983 0.372480 0.023578
 0.042267 0.377863 0.025776
 0.042633 0.383883 0.027715
 0.042344 0.390527 0.029392
 0.042140 0.397458 0.031037
 0.042706 0.404327 0.032887
 0.043877 0.411115 0.034978
 0.044971 0.418224 0.037125
 0.045126 0.426072 0.039005
 0.044556 0.434595 0.040544
 0.044273 0.443333 0.041868
 0.044375 0.451947 0.042920
 0.044328 0.460440 0.043588
 0.043562 0.468954 0.043804
 0.042324 0.477423 0.043797
 0.041685 0.485488 0.043968
 0.041965 0.493049 0.044493
 0.042916 0.500275 0.045299
 0.043772 0.507560 0.046074
 0.044249 0.515122 0.046716
 0.045168 0.522691 0.047430
 0.046638 0.530014 0.048187
 0.048073 0.537078 0.048741
 0.048899 0.544054 0.048986
 0.048797 0.551395 0.048982
 0.048479 0.558540 0.048883
 0.048185 0.565330 0.048787
 0.048107 0.571774 0.048785
 0.048240 0.578088 0.048742
 0.048304 0.584405 0.048556
 0.048150 0.590753 0.048319
 0.047924 0.597027 0.048211
 0.047726 0.603167 0.048191
 0.047803 0.609083 0.048219
 0.048025 0.614799 0.048188
 0.048229 0.620503 0.048059
 0.048844 0.626171 0.047977
 0.050138 0.631655 0.048001
 0.052228 0.636803 0.048208
 0.054730 0.641732 0.048547
 0.056633 0.646638 0.048749
 0.057812 0.651159 0.048716
 0.058600 0.654469 0.048464
 0.062320 0.641971 0.049157
 0.063370 0.642422 0.048829
 0.064410 0.642549 0.048547
 0.064849 0.643100 0.048298
 0.064607 0.644275 0.048017
 0.064689 0.645692 0.047871
 0.065542 0.646770 0.047939
 0.067265 0.647336 0.048217
 0.069230 0.647548 0.048453
 0.069984 0.647699 0.048204
 0.069982 0.647755 0.047514
 0.069927 0.647591 0.046526
 0.069432 0.647172 0.045200
 0.065310 0.637413 0.044998
 0.065211 0.625571 0.047770
 0.061764 0.614218 0.049855
 0.060066 0.609792 0.049223
 0.058273 0.604761 0.048889
 0.056723 0.599572 0.048825
 0.056059 0.594289 0.049157
 0.056998 0.589013 0.050348
 0.058978 0.583683 0.052540
 0.061332 0.578211 0.055335
 0.060342 0.568534 0.050207
 0.054603 0.559046 0.044363
 0.047422 0.549397 0.039402
 0.045092 0.539532 0.037213
 0.044037 0.532081 0.036483
 0.043340 0.524615 0.035794
 0.042832 0.517356 0.035087
 0.042301 0.510317 0.034280
 0.042113 0.503641 0.033530
 0.042567 0.497390 0.032977
 0.043132 0.491699 0.032455
 0.043806 0.486390 0.032014
 0.044321 0.481576 0.031595
 0.044546 0.477222 0.031183
 0.044548 0.473203 0.030798
 0.044194 0.469504 0.030381
 0.043566 0.466213 0.029974
 0.042981 0.463360 0.029662
 0.042300 0.460845 0.029293
 0.041616 0.458513 0.028887
 0.040710 0.456471 0.028321
 0.039840 0.454636 0.027814
 0.039401 0.452950 0.027503
 0.039206 0.451290 0.027357
